<?xml version="1.0" encoding="UTF-8"?>
<!-- Generated by org.testng.reporters.JUnitReportReporter -->
<testsuite hostname="pavibaskar" failures="0" tests="2" name="com.runner.TestRunner" time="45.334" errors="0" timestamp="2025-09-09T11:10:59 IST" skipped="0">
  <testcase classname="com.runner.TestRunner" name="runScenario" time="3.754"/>
  <testcase classname="com.runner.TestRunner" name="runScenario" time="41.580"/>
</testsuite> <!-- com.runner.TestRunner -->
