<?xml version="1.0" encoding="UTF-8"?>
<!-- Generated by org.testng.reporters.JUnitReportReporter -->
<testsuite hostname="pavibaskar" failures="0" tests="3" name="com.runner.TestRunner" time="75.753" errors="0" timestamp="2025-09-10T12:39:04 IST" skipped="0">
  <testcase classname="com.runner.TestRunner" name="runScenario" time="4.862"/>
  <testcase classname="com.runner.TestRunner" name="runScenario" time="68.603"/>
  <testcase classname="com.runner.TestRunner" name="runScenario" time="2.288"/>
</testsuite> <!-- com.runner.TestRunner -->
