<?xml version="1.0" encoding="UTF-8"?>
<!-- Generated by org.testng.reporters.JUnitReportReporter -->
<testsuite hostname="pavibaskar" failures="0" tests="6" name="com.runner.TestRunner" time="88.051" errors="0" timestamp="2025-09-11T14:16:30 IST" skipped="0">
  <testcase classname="com.runner.TestRunner" name="runScenario" time="2.241"/>
  <testcase classname="com.runner.TestRunner" name="runScenario" time="10.572"/>
  <testcase classname="com.runner.TestRunner" name="runScenario" time="7.351"/>
  <testcase classname="com.runner.TestRunner" name="runScenario" time="3.988"/>
  <testcase classname="com.runner.TestRunner" name="runScenario" time="3.418"/>
  <testcase classname="com.runner.TestRunner" name="runScenario" time="60.481"/>
</testsuite> <!-- com.runner.TestRunner -->
