<?xml version="1.0" encoding="UTF-8"?>
<!-- Generated by org.testng.reporters.JUnitReportReporter -->
<testsuite hostname="pavibaskar" failures="0" tests="15" name="com.runner.TestRunner" time="104.174" errors="0" timestamp="2025-09-13T12:10:45 IST" skipped="0">
  <testcase classname="com.runner.TestRunner" name="runScenario" time="21.155"/>
  <testcase classname="com.runner.TestRunner" name="runScenario" time="0.188"/>
  <testcase classname="com.runner.TestRunner" name="runScenario" time="0.636"/>
  <testcase classname="com.runner.TestRunner" name="runScenario" time="2.524"/>
  <testcase classname="com.runner.TestRunner" name="runScenario" time="1.693"/>
  <testcase classname="com.runner.TestRunner" name="runScenario" time="8.630"/>
  <testcase classname="com.runner.TestRunner" name="runScenario" time="53.818"/>
  <testcase classname="com.runner.TestRunner" name="runScenario" time="3.162"/>
  <testcase classname="com.runner.TestRunner" name="runScenario" time="3.675"/>
  <testcase classname="com.runner.TestRunner" name="runScenario" time="6.101"/>
  <testcase classname="com.runner.TestRunner" name="runScenario" time="0.109"/>
  <testcase classname="com.runner.TestRunner" name="runScenario" time="1.309"/>
  <testcase classname="com.runner.TestRunner" name="runScenario" time="0.192"/>
  <testcase classname="com.runner.TestRunner" name="runScenario" time="0.236"/>
  <testcase classname="com.runner.TestRunner" name="runScenario" time="0.746"/>
</testsuite> <!-- com.runner.TestRunner -->
