<?xml version="1.0" encoding="UTF-8"?>
<!-- Generated by org.testng.reporters.JUnitReportReporter -->
<testsuite hostname="pavibaskar" failures="0" tests="15" name="com.runner.TestRunner" time="122.058" errors="0" timestamp="2025-09-13T08:57:46 IST" skipped="0">
  <testcase classname="com.runner.TestRunner" name="runScenario" time="61.222"/>
  <testcase classname="com.runner.TestRunner" name="runScenario" time="0.275"/>
  <testcase classname="com.runner.TestRunner" name="runScenario" time="2.564"/>
  <testcase classname="com.runner.TestRunner" name="runScenario" time="4.655"/>
  <testcase classname="com.runner.TestRunner" name="runScenario" time="3.325"/>
  <testcase classname="com.runner.TestRunner" name="runScenario" time="21.363"/>
  <testcase classname="com.runner.TestRunner" name="runScenario" time="3.734"/>
  <testcase classname="com.runner.TestRunner" name="runScenario" time="0.237"/>
  <testcase classname="com.runner.TestRunner" name="runScenario" time="1.107"/>
  <testcase classname="com.runner.TestRunner" name="runScenario" time="12.045"/>
  <testcase classname="com.runner.TestRunner" name="runScenario" time="0.416"/>
  <testcase classname="com.runner.TestRunner" name="runScenario" time="0.865"/>
  <testcase classname="com.runner.TestRunner" name="runScenario" time="0.371"/>
  <testcase classname="com.runner.TestRunner" name="runScenario" time="7.220"/>
  <testcase classname="com.runner.TestRunner" name="runScenario" time="2.659"/>
</testsuite> <!-- com.runner.TestRunner -->
