<?xml version="1.0" encoding="UTF-8"?>
<!-- Generated by org.testng.reporters.JUnitReportReporter -->
<testsuite hostname="pavibaskar" failures="0" tests="1" name="com.runner.TestRunnerTestNG" time="7.255" errors="0" timestamp="2025-09-06T12:46:16 IST" skipped="0">
  <testcase classname="com.runner.TestRunnerTestNG" name="runScenario" time="7.255"/>
</testsuite> <!-- com.runner.TestRunnerTestNG -->
