<?xml version="1.0" encoding="UTF-8"?>
<!-- Generated by org.testng.reporters.JUnitReportReporter -->
<testsuite hostname="pavibaskar" failures="0" tests="14" name="com.runner.TestRunner" time="121.115" errors="0" timestamp="2025-09-13T01:27:59 IST" skipped="0">
  <testcase classname="com.runner.TestRunner" name="runScenario" time="2.788"/>
  <testcase classname="com.runner.TestRunner" name="runScenario" time="0.388"/>
  <testcase classname="com.runner.TestRunner" name="runScenario" time="13.406"/>
  <testcase classname="com.runner.TestRunner" name="runScenario" time="0.882"/>
  <testcase classname="com.runner.TestRunner" name="runScenario" time="0.440"/>
  <testcase classname="com.runner.TestRunner" name="runScenario" time="0.307"/>
  <testcase classname="com.runner.TestRunner" name="runScenario" time="21.504"/>
  <testcase classname="com.runner.TestRunner" name="runScenario" time="67.147"/>
  <testcase classname="com.runner.TestRunner" name="runScenario" time="5.616"/>
  <testcase classname="com.runner.TestRunner" name="runScenario" time="2.861"/>
  <testcase classname="com.runner.TestRunner" name="runScenario" time="0.882"/>
  <testcase classname="com.runner.TestRunner" name="runScenario" time="0.194"/>
  <testcase classname="com.runner.TestRunner" name="runScenario" time="2.938"/>
  <testcase classname="com.runner.TestRunner" name="runScenario" time="1.762"/>
</testsuite> <!-- com.runner.TestRunner -->
